2025-05-23 12:42:47,220 [INFO] [Запуск ассистента]
2025-05-23 12:44:18,927 [INFO] Завершение работы ассистента
2025-05-23 14:26:13,215 [INFO] [Запуск ассистента]
2025-05-23 14:39:01,180 [INFO] Завершение работы ассистента
2025-05-23 14:58:12,690 [INFO] [Запуск ассистента]
2025-05-23 15:00:06,006 [INFO] Распознано: салют
2025-05-23 15:00:06,007 [WARNING] Неизвестная команда: салют
2025-05-23 15:00:25,453 [INFO] Завершение работы ассистента
2025-05-23 15:00:43,133 [INFO] [Запуск ассистента]
2025-05-23 15:01:31,318 [INFO] Распознано: бывает
2025-05-23 15:01:31,318 [WARNING] Неизвестная команда: бывает
2025-05-23 15:01:40,253 [INFO] Завершение работы ассистента
2025-05-23 15:09:19,211 [INFO] [Запуск ассистента]
2025-05-23 15:24:44,640 [INFO] Распознано: да
2025-05-23 15:24:44,640 [WARNING] Неизвестная команда: да
2025-05-23 15:24:53,575 [INFO] Завершение работы ассистента
2025-05-23 15:47:23,488 [INFO] [Запуск ассистента]
2025-05-23 15:47:56,329 [INFO] Распознано: сканируют него и группы
2025-05-23 15:47:56,330 [WARNING] Неизвестная команда: сканируют него и группы
2025-05-23 15:48:07,030 [INFO] Распознано: сканирует огневые группы
2025-05-23 15:48:07,030 [WARNING] Неизвестная команда: сканирует огневые группы
2025-05-23 15:48:22,241 [INFO] Распознано: сканирует огневые группы
2025-05-23 15:48:22,241 [WARNING] Неизвестная команда: сканирует огневые группы
2025-05-23 15:48:34,259 [INFO] Распознано: определить количество огневых круп
2025-05-23 15:48:34,260 [WARNING] Неизвестная команда: определить количество огневых круп
2025-05-23 15:48:49,260 [INFO] Распознано: сканирует огневые группы
2025-05-23 15:48:49,260 [WARNING] Неизвестная команда: сканирует огневые группы
2025-05-23 15:48:56,241 [INFO] Распознано: сканирует огневые группы
2025-05-23 15:48:56,242 [WARNING] Неизвестная команда: сканирует огневые группы
2025-05-23 15:49:10,260 [INFO] Распознано: определи количество огневых круп
2025-05-23 15:49:10,261 [WARNING] Неизвестная команда: определи количество огневых круп
2025-05-23 15:49:22,223 [INFO] Распознано: определить количество огневых групп
2025-05-23 15:49:22,223 [WARNING] Неизвестная команда: определить количество огневых групп
2025-05-23 15:49:31,202 [INFO] Распознано: определить количество огневых групп
2025-05-23 15:49:31,202 [WARNING] Неизвестная команда: определить количество огневых групп
2025-05-23 15:49:41,720 [INFO] Распознано: сканирует
2025-05-23 15:49:41,720 [WARNING] Неизвестная команда: сканирует
2025-05-23 15:49:46,698 [INFO] Распознано: сканирует
2025-05-23 15:49:46,698 [WARNING] Неизвестная команда: сканирует
2025-05-23 15:49:57,719 [INFO] Распознано: сканировать
2025-05-23 15:49:57,719 [WARNING] Неизвестная команда: сканировать
2025-05-23 15:50:35,397 [INFO] Завершение работы ассистента
2025-05-23 15:50:42,497 [INFO] [Запуск ассистента]
2025-05-23 15:50:53,620 [INFO] Распознано: сканировать откинув и группы
2025-05-23 15:50:53,621 [WARNING] Неизвестная команда: сканировать откинув и группы
2025-05-23 15:51:04,380 [INFO] Распознано: сканировать огневые группы
2025-05-23 15:51:04,381 [WARNING] Неизвестная команда: сканировать огневые группы
2025-05-23 15:51:35,505 [INFO] Завершение работы ассистента
2025-05-23 15:51:41,475 [INFO] [Запуск ассистента]
2025-05-23 15:51:48,620 [INFO] Распознано: сканировать огневые группы
2025-05-23 15:51:48,621 [ERROR] Ошибка выполнения команды: 'key'
2025-05-23 15:52:38,208 [INFO] Завершение работы ассистента
2025-05-23 15:53:58,492 [INFO] [Запуск ассистента]
2025-05-23 15:54:46,901 [INFO] Распознано: определить количество огневых у группы
2025-05-23 15:54:46,901 [WARNING] Неизвестная команда: определить количество огневых у группы
2025-05-23 15:55:00,202 [INFO] Распознано: определить огневые группы
2025-05-23 15:55:00,202 [WARNING] Неизвестная команда: определить огневые группы
2025-05-23 15:55:23,911 [INFO] Распознано: сканировать огневые группы
2025-05-23 15:55:23,911 [ERROR] Ошибка выполнения команды: 'key'
2025-05-23 15:59:04,278 [INFO] Распознано: сканировать огневые группы
2025-05-23 15:59:04,278 [ERROR] Ошибка выполнения команды: 'key'
2025-05-23 15:59:18,777 [INFO] Распознано: что
2025-05-23 15:59:18,778 [WARNING] Неизвестная команда: что
2025-05-23 16:00:10,016 [INFO] Распознано: боевой режим
2025-05-23 16:00:40,405 [INFO] Распознано: выпустить шасси
2025-05-23 16:01:17,547 [INFO] Распознано: открой грузовой
2025-05-23 16:01:29,767 [INFO] Распознано: закрой грузовой
2025-05-23 16:01:29,767 [WARNING] Неизвестная команда: закрой грузовой
2025-05-23 18:20:43,221 [INFO] [Запуск ассистента]
2025-05-23 18:21:18,662 [INFO] [Запуск ассистента]
2025-05-23 18:21:32,338 [INFO] Распознано: сканировать огневые группы
2025-05-23 18:26:19,921 [INFO] Завершение работы ассистента
2025-05-23 18:26:42,248 [INFO] [Запуск ассистента]
2025-05-23 18:27:01,950 [INFO] Распознано: сканировать а гнилые группы
2025-05-23 18:27:01,950 [WARNING] Неизвестная команда: сканировать а гнилые группы
2025-05-23 18:27:12,079 [INFO] Распознано: сканировать огневые группы
2025-05-23 18:27:36,781 [INFO] Завершение работы ассистента
2025-05-23 19:17:26,293 [INFO] [Запуск ассистента]
2025-05-23 19:17:48,541 [INFO] Распознано: огневую группу
2025-05-23 19:17:48,541 [WARNING] Неизвестная команда: огневую группу
2025-05-23 19:17:59,760 [INFO] Распознано: переключи огневую группу
2025-05-23 19:18:15,880 [INFO] Распознано: тво
2025-05-23 19:18:15,880 [WARNING] Неизвестная команда: тво
2025-05-23 19:18:28,730 [INFO] Распознано: переключи огневое группу на два
2025-05-23 19:18:28,730 [WARNING] Неизвестная команда: переключи огневое группу на два
2025-05-23 19:20:21,909 [INFO] Распознано: та солнца
2025-05-23 19:20:21,909 [WARNING] Неизвестная команда: та солнца
2025-05-23 19:20:46,511 [INFO] Распознано: и давай для онлайн
2025-05-23 19:20:46,512 [WARNING] Неизвестная команда: и давай для онлайн
2025-05-23 19:20:50,487 [INFO] Распознано: да
2025-05-23 19:20:50,487 [WARNING] Неизвестная команда: да
2025-05-23 19:25:59,947 [INFO] Завершение работы ассистента
2025-05-23 19:26:08,371 [INFO] [Запуск ассистента]
2025-05-23 19:26:26,580 [INFO] Распознано: огневая группа два
2025-05-23 19:27:00,320 [INFO] Распознано: первая группа два
2025-05-23 19:27:00,321 [WARNING] Неизвестная команда: первая группа два
2025-05-23 19:27:12,500 [INFO] Распознано: огневая группа два
2025-05-23 19:27:29,121 [INFO] Распознано: включи огневую группу
2025-05-23 19:27:47,739 [INFO] Распознано: открой карту
2025-05-23 19:29:05,114 [INFO] Распознано: ну как обычно вечер ты не позвонила
2025-05-23 19:29:05,114 [WARNING] Неизвестная команда: ну как обычно вечер ты не позвонила
2025-05-23 19:29:24,659 [INFO] Распознано: продолжение
2025-05-23 19:29:24,659 [WARNING] Неизвестная команда: продолжение
2025-05-23 19:29:38,162 [INFO] Распознано: да стала
2025-05-23 19:29:38,162 [WARNING] Неизвестная команда: да стала
2025-05-23 19:29:45,637 [INFO] Распознано: сегодня надо было крепить на выходные
2025-05-23 19:29:45,637 [WARNING] Неизвестная команда: сегодня надо было крепить на выходные
2025-05-23 19:29:53,101 [INFO] Распознано: заказ
2025-05-23 19:29:53,101 [WARNING] Неизвестная команда: заказ
2025-05-23 19:31:10,061 [INFO] Распознано: а пока поэтому
2025-05-23 19:31:10,062 [WARNING] Неизвестная команда: а пока поэтому
2025-05-23 19:31:36,144 [INFO] Распознано: стоишь с расчётный счёт
2025-05-23 19:31:36,145 [WARNING] Неизвестная команда: стоишь с расчётный счёт
2025-05-23 19:31:55,690 [INFO] Распознано: все все
2025-05-23 19:31:55,690 [WARNING] Неизвестная команда: все все
2025-05-23 19:32:39,404 [INFO] Распознано: не
2025-05-23 19:32:39,404 [WARNING] Неизвестная команда: не
2025-05-23 19:32:47,369 [INFO] Распознано: издеваюсь
2025-05-23 19:32:47,370 [WARNING] Неизвестная команда: издеваюсь
2025-05-23 19:32:55,831 [INFO] Распознано: все
2025-05-23 19:32:55,831 [WARNING] Неизвестная команда: все
2025-05-23 19:33:32,024 [INFO] Распознано: слишком хорошая и добрая для
2025-05-23 19:33:32,024 [WARNING] Неизвестная команда: слишком хорошая и добрая для
2025-05-23 19:33:39,990 [INFO] Распознано: от учишься
2025-05-23 19:33:39,991 [WARNING] Неизвестная команда: от учишься
2025-05-23 19:33:59,543 [INFO] Распознано: могу справиться
2025-05-23 19:33:59,543 [WARNING] Неизвестная команда: могу справиться
2025-05-23 19:34:05,034 [INFO] Распознано: салют
2025-05-23 19:34:05,034 [WARNING] Неизвестная команда: салют
2025-05-23 19:34:12,510 [INFO] Распознано: ха
2025-05-23 19:34:12,510 [WARNING] Неизвестная команда: ха
2025-05-23 19:34:19,491 [INFO] Распознано: тебя их очень много
2025-05-23 19:34:19,491 [WARNING] Неизвестная команда: тебя их очень много
2025-05-23 19:34:23,953 [INFO] Распознано: первую в работу
2025-05-23 19:34:23,953 [WARNING] Неизвестная команда: первую в работу
2025-05-23 19:34:30,921 [INFO] Распознано: кому-то
2025-05-23 19:34:30,921 [WARNING] Неизвестная команда: кому-то
2025-05-23 19:34:54,967 [INFO] Распознано: все остальное всему можно научиться работы где нужно умение принимать людей
2025-05-23 19:34:54,967 [WARNING] Неизвестная команда: все остальное всему можно научиться работы где нужно умение принимать людей
2025-05-23 19:35:02,462 [INFO] Распознано: у меня
2025-05-23 19:35:02,462 [WARNING] Неизвестная команда: у меня
2025-05-23 19:35:06,942 [INFO] Распознано: техподдержки
2025-05-23 19:35:06,942 [WARNING] Неизвестная команда: техподдержки
2025-05-23 19:35:18,415 [INFO] Распознано: я видимо не понимаю чего от меня хотят чувство людей я понимаю
2025-05-23 19:35:18,415 [WARNING] Неизвестная команда: я видимо не понимаю чего от меня хотят чувство людей я понимаю
2025-05-23 19:35:25,397 [INFO] Распознано: что от меня хотят кинга и на и не понимаю
2025-05-23 19:35:25,397 [WARNING] Неизвестная команда: что от меня хотят кинга и на и не понимаю
2025-05-23 19:35:29,361 [INFO] Распознано: давай чуть позже
2025-05-23 19:35:29,361 [WARNING] Неизвестная команда: давай чуть позже
2025-05-23 19:35:39,359 [INFO] Распознано: быть вот по десять раз на дню людям которых уже не вы доставить эту бодровым воду
2025-05-23 19:35:39,359 [WARNING] Неизвестная команда: быть вот по десять раз на дню людям которых уже не вы доставить эту бодровым воду
2025-05-23 19:35:52,863 [INFO] Распознано: что
2025-05-23 19:35:52,863 [WARNING] Неизвестная команда: что
2025-05-23 19:36:08,893 [INFO] Распознано: материал который вырабатывает кликать мышкой
2025-05-23 19:36:08,894 [WARNING] Неизвестная команда: материал который вырабатывает кликать мышкой
2025-05-23 19:36:19,362 [INFO] Распознано: зарабатывал увеличить скорость
2025-05-23 19:36:19,362 [WARNING] Неизвестная команда: зарабатывал увеличить скорость
2025-05-23 19:36:24,342 [INFO] Распознано: сведению моего выплатить
2025-05-23 19:36:24,342 [WARNING] Неизвестная команда: сведению моего выплатить
2025-05-23 19:36:52,936 [INFO] Распознано: нужно что это подушка безопасности
2025-05-23 19:36:52,936 [WARNING] Неизвестная команда: нужно что это подушка безопасности
2025-05-23 19:37:00,406 [INFO] Распознано: что ты еле-еле все тащил один пока я тренируюсь перед ногти
2025-05-23 19:37:00,406 [WARNING] Неизвестная команда: что ты еле-еле все тащил один пока я тренируюсь перед ногти
2025-05-23 19:37:18,951 [INFO] Распознано: сама встретишь
2025-05-23 19:37:18,952 [WARNING] Неизвестная команда: сама встретишь
2025-05-23 19:37:23,411 [INFO] Распознано: сейчас
2025-05-23 19:37:23,411 [WARNING] Неизвестная команда: сейчас
2025-05-23 19:37:38,396 [INFO] Распознано: не знаю вы будете мне забывай даже если мы путина за май нормально был бы ты что ли рассчитывала ты тогда все нормально так давай сейчас
2025-05-23 19:37:38,396 [WARNING] Неизвестная команда: не знаю вы будете мне забывай даже если мы путина за май нормально был бы ты что ли рассчитывала ты тогда все нормально так давай сейчас
2025-05-23 19:37:46,894 [INFO] Распознано: пиздец
2025-05-23 19:37:46,895 [WARNING] Неизвестная команда: пиздец
2025-05-23 19:38:04,962 [INFO] Распознано: найди свою жизнь
2025-05-23 19:38:04,962 [WARNING] Неизвестная команда: найди свою жизнь
2025-05-23 19:38:18,457 [INFO] Распознано: я могу что-то запланировать буквально мои срывается валя сейчас я понятия не имею приходить мир в понедельник на работу не приходить
2025-05-23 19:38:18,458 [WARNING] Неизвестная команда: я могу что-то запланировать буквально мои срывается валя сейчас я понятия не имею приходить мир в понедельник на работу не приходить
2025-05-23 19:38:32,962 [INFO] Распознано: некоторые так стряслось
2025-05-23 19:38:32,962 [WARNING] Неизвестная команда: некоторые так стряслось
2025-05-23 19:38:55,483 [INFO] Распознано: сбер пока что я быть нервничать из-за этого и все близко к сердцу воспринимаю надо ещё индивидуальную меня проверку потому что из трёх сторон в котором этом отеле сидели и одна блядь осталось
2025-05-23 19:38:55,483 [WARNING] Неизвестная команда: сбер пока что я быть нервничать из-за этого и все близко к сердцу воспринимаю надо ещё индивидуальную меня проверку потому что из трёх сторон в котором этом отеле сидели и одна блядь осталось
2025-05-23 19:39:00,452 [INFO] Распознано: просто они получите свою зарплаты
2025-05-23 19:39:00,452 [WARNING] Неизвестная команда: просто они получите свою зарплаты
2025-05-23 19:39:20,012 [INFO] Распознано: если что-то
2025-05-23 19:39:20,013 [WARNING] Неизвестная команда: если что-то
2025-05-23 19:39:26,480 [INFO] Распознано: я не думаю что у него
2025-05-23 19:39:26,480 [WARNING] Неизвестная команда: я не думаю что у него
2025-05-23 19:39:31,449 [INFO] Распознано: чётко
2025-05-23 19:39:31,450 [WARNING] Неизвестная команда: чётко
2025-05-23 19:39:37,442 [INFO] Распознано: компания работает
2025-05-23 19:39:37,442 [WARNING] Неизвестная команда: компания работает
2025-05-23 19:39:43,431 [INFO] Распознано: не получаю три тысячи тебя
2025-05-23 19:39:43,431 [WARNING] Неизвестная команда: не получаю три тысячи тебя
2025-05-23 19:40:19,573 [INFO] Распознано: единственное что положить в том что если
2025-05-23 19:40:19,573 [WARNING] Неизвестная команда: единственное что положить в том что если
2025-05-23 19:40:24,043 [INFO] Распознано: то что её спокойно
2025-05-23 19:40:24,044 [WARNING] Неизвестная команда: то что её спокойно
2025-05-23 19:40:44,056 [INFO] Распознано: я могу нормальные адекватные рабочее время не то что впопыхах блин лететь в торговый центр ближайшую блять есть за пять минут чтобы успеть все-таки поесть по которым благо у них было обед поэтому и ясно на пообедать
2025-05-23 19:40:44,056 [WARNING] Неизвестная команда: я могу нормальные адекватные рабочее время не то что впопыхах блин лететь в торговый центр ближайшую блять есть за пять минут чтобы успеть все-таки поесть по которым благо у них было обед поэтому и ясно на пообедать
2025-05-23 19:40:56,559 [INFO] Распознано: сейчас свет
2025-05-23 19:40:56,560 [WARNING] Неизвестная команда: сейчас свет
2025-05-23 19:41:17,631 [INFO] Распознано: найди
2025-05-23 19:41:17,631 [WARNING] Неизвестная команда: найди
2025-05-23 19:41:31,142 [INFO] Распознано: каждая пятую
2025-05-23 19:41:31,142 [WARNING] Неизвестная команда: каждая пятую
2025-05-23 19:41:44,672 [INFO] Распознано: чуть хорошо
2025-05-23 19:41:44,673 [WARNING] Неизвестная команда: чуть хорошо
2025-05-23 19:42:52,552 [INFO] Распознано: интерфейс
2025-05-23 19:42:52,553 [WARNING] Неизвестная команда: интерфейс
2025-05-23 19:43:00,521 [INFO] Распознано: у меня
2025-05-23 19:43:00,521 [WARNING] Неизвестная команда: у меня
2025-05-23 19:43:08,991 [INFO] Распознано: у всех риск
2025-05-23 19:43:08,991 [WARNING] Неизвестная команда: у всех риск
2025-05-23 19:43:16,981 [INFO] Распознано: переход на русский язык
2025-05-23 19:43:16,982 [WARNING] Неизвестная команда: переход на русский язык
2025-05-23 19:44:12,770 [INFO] Распознано: у меня
2025-05-23 19:44:12,771 [WARNING] Неизвестная команда: у меня
2025-05-23 19:44:19,239 [INFO] Распознано: самая
2025-05-23 19:44:19,240 [WARNING] Неизвестная команда: самая
2025-05-23 19:44:24,202 [INFO] Распознано: она организм не влияет
2025-05-23 19:44:24,203 [WARNING] Неизвестная команда: она организм не влияет
2025-05-23 19:44:43,772 [INFO] Распознано: сегодня
2025-05-23 19:44:43,772 [WARNING] Неизвестная команда: сегодня
2025-05-23 19:44:50,242 [INFO] Распознано: был такого хорошего мнения
2025-05-23 19:44:50,243 [WARNING] Неизвестная команда: был такого хорошего мнения
2025-05-23 19:44:56,211 [INFO] Распознано: если сейчас
2025-05-23 19:44:56,211 [WARNING] Неизвестная команда: если сейчас
2025-05-23 19:45:04,685 [INFO] Распознано: вроде я все нормально дела и все в порядке о бутылки гонг получается что меня могут спросить
2025-05-23 19:45:04,685 [WARNING] Неизвестная команда: вроде я все нормально дела и все в порядке о бутылки гонг получается что меня могут спросить
2025-05-23 19:45:09,179 [INFO] Распознано: что
2025-05-23 19:45:09,179 [WARNING] Неизвестная команда: что
2025-05-23 19:45:26,169 [INFO] Распознано: сейчас я тебе написал уже что если ступая проверка по счету этого я просто зарабатываю и не возвращаясь после лагере
2025-05-23 19:45:26,170 [WARNING] Неизвестная команда: сейчас я тебе написал уже что если ступая проверка по счету этого я просто зарабатываю и не возвращаясь после лагере
2025-05-23 19:45:33,642 [INFO] Распознано: я не хочу в очередной раз рыдать из-за этого мудака
2025-05-23 19:45:33,642 [WARNING] Неизвестная команда: я не хочу в очередной раз рыдать из-за этого мудака
2025-05-23 19:45:43,115 [INFO] Распознано: всем руководителя как виталик вот был такой же виталик только более старый блядь
2025-05-23 19:45:43,116 [WARNING] Неизвестная команда: всем руководителя как виталик вот был такой же виталик только более старый блядь
2025-05-23 19:45:50,105 [INFO] Распознано: женат а этот три жены у него было блейд три брака
2025-05-23 19:45:50,105 [WARNING] Неизвестная команда: женат а этот три жены у него было блейд три брака
2025-05-23 19:45:57,592 [INFO] Распознано: ватит брать матрас
2025-05-23 19:45:57,592 [WARNING] Неизвестная команда: ватит брать матрас
2025-05-23 19:46:17,159 [INFO] Распознано: в сумму
2025-05-23 19:46:17,159 [WARNING] Неизвестная команда: в сумму
2025-05-23 19:46:24,124 [INFO] Распознано: волнуешься по
2025-05-23 19:46:24,125 [WARNING] Неизвестная команда: волнуешься по
2025-05-23 19:51:26,990 [INFO] Распознано: ты не
2025-05-23 19:51:26,990 [WARNING] Неизвестная команда: ты не
2025-05-23 19:51:51,042 [INFO] Распознано: алиса есть песня про руководителем мудака
2025-05-23 19:51:51,042 [WARNING] Неизвестная команда: алиса есть песня про руководителем мудака
2025-05-23 19:54:11,889 [INFO] Распознано: алиса
2025-05-23 19:54:11,889 [WARNING] Неизвестная команда: алиса
2025-05-23 20:21:43,538 [INFO] Завершение работы ассистента
2025-05-23 20:22:55,651 [INFO] [Запуск ассистента]
2025-05-23 20:23:07,851 [INFO] Распознано: шасси
2025-05-23 20:23:35,141 [INFO] Распознано: шасси
2025-05-23 20:24:01,862 [INFO] Распознано: сканировать огневые группа
2025-05-23 20:24:01,862 [WARNING] Неизвестная команда: сканировать огневые группа
2025-05-23 20:24:11,852 [INFO] Распознано: огневая группа два
2025-05-23 20:27:01,473 [INFO] Распознано: огневая группа два
2025-05-23 20:27:09,013 [INFO] Распознано: переключи огневую группу
2025-05-23 20:27:17,061 [INFO] Распознано: сканировать огневые группа
2025-05-23 20:27:17,062 [WARNING] Неизвестная команда: сканировать огневые группа
2025-05-23 20:34:06,680 [INFO] Завершение работы ассистента
2025-05-23 20:34:13,459 [INFO] [Запуск ассистента]
2025-05-23 20:34:33,192 [INFO] Распознано: огневая круг по два
2025-05-23 20:34:33,192 [WARNING] Неизвестная команда: огневая круг по два
2025-05-23 20:34:42,873 [INFO] Распознано: огневая группа два
2025-05-23 20:34:53,452 [INFO] Распознано: огневая группа два
2025-05-23 20:38:06,728 [INFO] Завершение работы ассистента
2025-05-23 20:38:14,187 [INFO] [Запуск ассистента]
2025-05-23 20:38:30,795 [INFO] Распознано: кровать огневые группа
2025-05-23 20:38:30,796 [WARNING] Неизвестная команда: кровать огневые группа
2025-05-23 20:38:41,003 [INFO] Распознано: сканировать огневые группы
2025-05-23 20:40:52,832 [INFO] Распознано: огневая группа два
2025-05-23 20:41:03,911 [INFO] Распознано: огневая круг под три
2025-05-23 20:41:03,912 [WARNING] Неизвестная команда: огневая круг под три
2025-05-23 20:41:09,882 [INFO] Распознано: огневая группа три
2025-05-23 20:41:17,961 [INFO] Распознано: бой
2025-05-23 20:41:17,961 [WARNING] Неизвестная команда: бой
2025-05-23 20:41:23,931 [INFO] Распознано: боевой
2025-05-23 20:41:37,644 [INFO] Распознано: открой карту
2025-05-23 20:42:03,293 [INFO] Распознано: шасси
2025-05-29 10:55:24,333 [INFO] [Запуск ассистента]
2025-05-29 10:55:30,634 [INFO] Распознано: раз два три
2025-05-29 10:55:30,635 [WARNING] Неизвестная команда: раз два три
2025-05-29 10:55:40,384 [INFO] Распознано: он
2025-05-29 10:55:40,384 [WARNING] Неизвестная команда: он
2025-05-29 10:55:58,258 [INFO] Распознано: гиды он
2025-05-29 10:55:58,259 [WARNING] Неизвестная команда: гиды он
2025-05-29 10:56:02,243 [INFO] Распознано: тардис
2025-05-29 10:56:02,243 [WARNING] Неизвестная команда: тардис
2025-05-29 10:56:14,305 [INFO] Распознано: алиса
2025-05-29 10:56:14,305 [WARNING] Неизвестная команда: алиса
2025-05-29 10:56:20,797 [INFO] Распознано: века
2025-05-29 10:56:20,797 [WARNING] Неизвестная команда: века
2025-05-29 10:56:24,779 [INFO] Распознано: века
2025-05-29 10:56:24,780 [WARNING] Неизвестная команда: века
2025-05-29 10:56:29,770 [INFO] Распознано: вика
2025-05-29 10:56:29,770 [WARNING] Неизвестная команда: вика
2025-05-29 10:56:35,260 [INFO] Распознано: ксения
2025-05-29 10:56:35,261 [WARNING] Неизвестная команда: ксения
2025-05-29 10:56:39,748 [INFO] Распознано: ксюша
2025-05-29 10:56:39,748 [WARNING] Неизвестная команда: ксюша
2025-05-29 11:01:07,515 [INFO] Завершение работы ассистента
2025-05-29 11:43:43,790 [INFO] [Запуск ассистента]
2025-05-29 11:44:33,746 [INFO] [Запуск ассистента]
2025-05-29 15:51:47,888 [INFO] [Запуск ассистента]
2025-05-29 15:54:31,544 [INFO] [Запуск ассистента]
2025-05-29 16:54:17,566 [INFO] [Запуск ассистента]
2025-05-29 16:58:12,402 [INFO] [Запуск ассистента]
2025-05-29 16:59:47,276 [INFO] [Запуск ассистента]
2025-05-29 17:00:22,094 [INFO] [Запуск ассистента]
2025-05-29 17:02:36,281 [INFO] [Запуск ассистента]
2025-05-29 17:12:57,594 [INFO] [Запуск ассистента]
2025-05-29 17:16:06,831 [INFO] [Запуск ассистента]
2025-05-29 17:20:21,675 [INFO] [Запуск ассистента]
2025-05-29 17:24:00,207 [INFO] [Запуск ассистента]
2025-05-29 17:26:35,390 [INFO] [Запуск ассистента]
2025-05-29 17:29:08,633 [INFO] [Запуск ассистента]
2025-05-29 17:36:01,379 [INFO] [Запуск ассистента]
2025-05-29 17:37:12,835 [INFO] [Запуск ассистента]
2025-05-29 17:38:27,062 [INFO] [Запуск ассистента]
2025-05-29 17:39:52,045 [INFO] [Запуск ассистента]
2025-05-29 17:41:24,595 [INFO] [Запуск ассистента]
2025-05-29 17:49:10,108 [INFO] [Запуск ассистента]
2025-05-29 17:51:23,901 [INFO] [Запуск ассистента]
2025-05-29 17:55:29,951 [INFO] [Запуск ассистента]
2025-05-29 18:00:23,104 [INFO] [Запуск ассистента]
2025-05-29 18:03:37,710 [INFO] [Запуск ассистента]
2025-05-29 18:21:43,261 [INFO] [Запуск ассистента]
2025-05-29 18:25:10,094 [INFO] [Запуск ассистента]
2025-05-29 18:33:49,306 [INFO] [Запуск ассистента]
2025-05-29 18:36:23,603 [INFO] [Запуск ассистента]
2025-05-29 19:40:14,715 [INFO] [Запуск ассистента]
2025-05-30 10:13:49,092 [INFO] [Запуск ассистента]
2025-05-30 10:20:14,910 [INFO] [Запуск ассистента]
2025-05-30 10:20:54,097 [INFO] [Запуск ассистента]
2025-05-30 10:22:29,208 [INFO] [Запуск ассистента]
2025-05-30 10:26:56,816 [INFO] [Запуск ассистента]
2025-05-30 10:34:14,391 [INFO] [Запуск ассистента]
2025-05-30 10:38:58,879 [INFO] [Запуск ассистента]
2025-05-30 10:42:44,111 [INFO] [Запуск ассистента]
2025-05-30 11:03:30,972 [INFO] [Запуск ассистента]
2025-05-30 11:10:18,716 [INFO] [Запуск ассистента]
2025-05-30 11:24:26,370 [INFO] [Запуск ассистента]
2025-05-30 11:27:22,610 [INFO] [Запуск ассистента]
2025-05-30 16:46:49,091 [INFO] [Запуск ассистента]
2025-05-30 16:57:38,547 [INFO] [Запуск ассистента]
2025-05-31 22:01:55,518 [INFO] [Запуск ассистента]
2025-05-31 22:05:50,029 [INFO] [Запуск ассистента]
2025-05-31 22:09:21,098 [INFO] [Запуск ассистента]
2025-05-31 22:11:21,488 [INFO] [Запуск ассистента]
2025-05-31 22:17:27,072 [INFO] [Запуск ассистента]
2025-05-31 22:28:55,234 [INFO] [Запуск ассистента]
2025-05-31 22:31:02,833 [INFO] [Запуск ассистента]
2025-05-31 23:07:07,737 [INFO] [Запуск ассистента]
2025-05-31 23:14:49,872 [INFO] [Запуск ассистента]
2025-05-31 23:20:29,445 [INFO] [Запуск ассистента]
2025-05-31 23:41:38,736 [INFO] [Запуск ассистента]
2025-05-31 23:46:45,581 [INFO] [Запуск ассистента]
2025-05-31 23:51:20,628 [INFO] [Запуск ассистента]
2025-05-31 23:53:08,719 [INFO] [Запуск ассистента]
2025-06-01 00:06:17,535 [INFO] [Запуск ассистента]
2025-06-01 01:48:40,598 [INFO] [Запуск ассистента]
2025-06-01 01:52:25,290 [INFO] [Запуск ассистента]
2025-06-01 01:59:20,438 [INFO] [Запуск ассистента]
2025-06-01 02:01:11,530 [INFO] [Запуск ассистента]
2025-06-01 02:03:02,188 [INFO] [Запуск ассистента]
2025-06-01 02:07:44,000 [INFO] [Запуск ассистента]
2025-06-01 02:08:00,722 [INFO] [Запуск ассистента]
2025-06-01 02:17:20,521 [INFO] [Запуск ассистента]
2025-06-01 02:19:18,579 [INFO] [Запуск ассистента]
2025-06-01 12:34:39,270 [INFO] [Запуск ассистента]
2025-06-01 12:38:08,569 [INFO] [Запуск ассистента]
2025-06-01 12:52:07,120 [INFO] [Запуск ассистента]
2025-06-01 12:58:09,582 [INFO] [Запуск ассистента]
2025-06-01 13:01:36,720 [INFO] [Запуск ассистента]
2025-06-01 13:05:12,412 [INFO] [Запуск ассистента]
2025-06-01 13:06:21,068 [INFO] [Запуск ассистента]
2025-06-01 13:07:03,926 [INFO] [Запуск ассистента]
